[debug] [2023-06-01T22:51:58.975Z] ----------------------------------------------------------------------
[debug] [2023-06-01T22:51:58.977Z] Command:       /usr/bin/node /usr/bin/firebase init
[debug] [2023-06-01T22:51:58.978Z] CLI Version:   12.2.1
[debug] [2023-06-01T22:51:58.978Z] Platform:      linux
[debug] [2023-06-01T22:51:58.978Z] Node Version:  v18.16.0
[debug] [2023-06-01T22:51:58.979Z] Time:          Thu Jun 01 2023 18:51:58 GMT-0400 (hora estándar de Chile)
[debug] [2023-06-01T22:51:58.979Z] ----------------------------------------------------------------------
[debug] 
[debug] [2023-06-01T22:51:58.985Z] > command requires scopes: ["email","openid","https://www.googleapis.com/auth/cloudplatformprojects.readonly","https://www.googleapis.com/auth/firebase","https://www.googleapis.com/auth/cloud-platform"]
[debug] [2023-06-01T22:51:58.986Z] > authorizing via signed-in user (analiaklein@gmail.com)
[info] 
     ######## #### ########  ######## ########     ###     ######  ########
     ##        ##  ##     ## ##       ##     ##  ##   ##  ##       ##
     ######    ##  ########  ######   ########  #########  ######  ######
     ##        ##  ##    ##  ##       ##     ## ##     ##       ## ##
     ##       #### ##     ## ######## ########  ##     ##  ######  ########

You're about to initialize a Firebase project in this directory:

  /home/laptop/Documentos/laboratoria/DEV007-social-network

[info] 
=== Project Setup
[info] 
[info] First, let's associate this project directory with a Firebase project.
[info] You can create multiple project aliases by running firebase use --add, 
[info] but for now we'll just set up a default project.
[info] 
[debug] [2023-06-01T22:52:04.734Z] >>> [apiv2][query] GET https://firebase.googleapis.com/v1beta1/projects pageSize=100
[debug] [2023-06-01T22:52:05.503Z] <<< [apiv2][status] GET https://firebase.googleapis.com/v1beta1/projects 200
[debug] [2023-06-01T22:52:05.503Z] <<< [apiv2][body] GET https://firebase.googleapis.com/v1beta1/projects [omitted]
[info] i  Using project cocinemos-juntos (Cocinemos juntos) 
[info] 
=== Database Setup
[info] i  database: ensuring required API firebasedatabase.googleapis.com is enabled... 
[debug] [2023-06-01T22:52:10.649Z] >>> [apiv2][query] GET https://serviceusage.googleapis.com/v1/projects/cocinemos-juntos/services/firebasedatabase.googleapis.com [none]
[debug] [2023-06-01T22:52:10.649Z] >>> [apiv2][(partial)header] GET https://serviceusage.googleapis.com/v1/projects/cocinemos-juntos/services/firebasedatabase.googleapis.com x-goog-quota-user=projects/cocinemos-juntos
[debug] [2023-06-01T22:52:11.643Z] <<< [apiv2][status] GET https://serviceusage.googleapis.com/v1/projects/cocinemos-juntos/services/firebasedatabase.googleapis.com 200
[debug] [2023-06-01T22:52:11.643Z] <<< [apiv2][body] GET https://serviceusage.googleapis.com/v1/projects/cocinemos-juntos/services/firebasedatabase.googleapis.com [omitted]
[info] ✔  database: required API firebasedatabase.googleapis.com is enabled 
[info] 
[debug] [2023-06-01T22:52:11.644Z] >>> [apiv2][query] GET https://firebasedatabase.googleapis.com/v1beta/projects/cocinemos-juntos/locations/-/instances/cocinemos-juntos-default-rtdb [none]
[debug] [2023-06-01T22:52:12.051Z] <<< [apiv2][status] GET https://firebasedatabase.googleapis.com/v1beta/projects/cocinemos-juntos/locations/-/instances/cocinemos-juntos-default-rtdb 200
[debug] [2023-06-01T22:52:12.051Z] <<< [apiv2][body] GET https://firebasedatabase.googleapis.com/v1beta/projects/cocinemos-juntos/locations/-/instances/cocinemos-juntos-default-rtdb {"name":"projects/853852150690/locations/us-central1/instances/cocinemos-juntos-default-rtdb","project":"projects/853852150690","databaseUrl":"https://cocinemos-juntos-default-rtdb.firebaseio.com","type":"DEFAULT_DATABASE","state":"ACTIVE"}
[info] 
[info] Firebase Realtime Database Security Rules allow you to define how your data should be
[info] structured and when your data can be read from and written to.
[info] 
[debug] [2023-06-01T22:52:20.265Z] >>> [apiv2][query] GET https://cocinemos-juntos-default-rtdb.firebaseio.com/.settings/rules.json [none]
[debug] [2023-06-01T22:52:20.861Z] <<< [apiv2][status] GET https://cocinemos-juntos-default-rtdb.firebaseio.com/.settings/rules.json 200
[debug] [2023-06-01T22:52:20.861Z] <<< [apiv2][body] GET https://cocinemos-juntos-default-rtdb.firebaseio.com/.settings/rules.json [stream]
[info] ✔  Database Rules for cocinemos-juntos-default-rtdb have been written to database.rules.json. 
[info] Future modifications to database.rules.json will update Realtime Database Security Rules when you run
[info] firebase deploy.
[info] 
=== Firestore Setup
[debug] [2023-06-01T22:52:20.862Z] >>> [apiv2][query] GET https://serviceusage.googleapis.com/v1/projects/cocinemos-juntos/services/firestore.googleapis.com [none]
[debug] [2023-06-01T22:52:20.862Z] >>> [apiv2][(partial)header] GET https://serviceusage.googleapis.com/v1/projects/cocinemos-juntos/services/firestore.googleapis.com x-goog-quota-user=projects/cocinemos-juntos
[debug] [2023-06-01T22:52:21.882Z] <<< [apiv2][status] GET https://serviceusage.googleapis.com/v1/projects/cocinemos-juntos/services/firestore.googleapis.com 200
[debug] [2023-06-01T22:52:21.882Z] <<< [apiv2][body] GET https://serviceusage.googleapis.com/v1/projects/cocinemos-juntos/services/firestore.googleapis.com [omitted]
[debug] [2023-06-01T22:52:21.883Z] >>> [apiv2][query] GET https://firestore.googleapis.com/v1/projects/cocinemos-juntos/databases/(default) [none]
[debug] [2023-06-01T22:52:22.906Z] <<< [apiv2][status] GET https://firestore.googleapis.com/v1/projects/cocinemos-juntos/databases/(default) 200
[debug] [2023-06-01T22:52:22.906Z] <<< [apiv2][body] GET https://firestore.googleapis.com/v1/projects/cocinemos-juntos/databases/(default) {"name":"projects/cocinemos-juntos/databases/(default)","uid":"8aae1176-52c3-486b-aa35-2004052575d2","createTime":"2023-06-01T20:30:06.081083Z","updateTime":"2023-06-01T20:30:06.081083Z","locationId":"nam5","type":"FIRESTORE_NATIVE","concurrencyMode":"PESSIMISTIC","appEngineIntegrationMode":"DISABLED","keyPrefix":"s","deleteProtectionState":"DELETE_PROTECTION_DISABLED","etag":"INXB5dCUo/8CMIy66pf1ov8C"}
[debug] [2023-06-01T22:52:22.906Z] database_type: FIRESTORE_NATIVE
[debug] [2023-06-01T22:52:22.907Z] > command requires scopes: ["email","openid","https://www.googleapis.com/auth/cloudplatformprojects.readonly","https://www.googleapis.com/auth/firebase","https://www.googleapis.com/auth/cloud-platform"]
[debug] [2023-06-01T22:52:22.907Z] > authorizing via signed-in user (analiaklein@gmail.com)
[debug] [2023-06-01T22:52:22.907Z] [iam] checking project cocinemos-juntos for permissions ["firebase.projects.get"]
[debug] [2023-06-01T22:52:22.907Z] >>> [apiv2][query] POST https://cloudresourcemanager.googleapis.com/v1/projects/cocinemos-juntos:testIamPermissions [none]
[debug] [2023-06-01T22:52:22.907Z] >>> [apiv2][(partial)header] POST https://cloudresourcemanager.googleapis.com/v1/projects/cocinemos-juntos:testIamPermissions x-goog-quota-user=projects/cocinemos-juntos
[debug] [2023-06-01T22:52:22.907Z] >>> [apiv2][body] POST https://cloudresourcemanager.googleapis.com/v1/projects/cocinemos-juntos:testIamPermissions {"permissions":["firebase.projects.get"]}
[debug] [2023-06-01T22:52:23.728Z] <<< [apiv2][status] POST https://cloudresourcemanager.googleapis.com/v1/projects/cocinemos-juntos:testIamPermissions 200
[debug] [2023-06-01T22:52:23.728Z] <<< [apiv2][body] POST https://cloudresourcemanager.googleapis.com/v1/projects/cocinemos-juntos:testIamPermissions {"permissions":["firebase.projects.get"]}
[info] 
[info] Firestore Security Rules allow you to define how and when to allow
[info] requests. You can keep these rules in your project directory
[info] and publish them with firebase deploy.
[info] 
[debug] [2023-06-01T22:52:32.762Z] >>> [apiv2][query] GET https://firebaserules.googleapis.com/v1/projects/cocinemos-juntos/releases pageSize=10&pageToken=
[debug] [2023-06-01T22:52:33.762Z] <<< [apiv2][status] GET https://firebaserules.googleapis.com/v1/projects/cocinemos-juntos/releases 200
[debug] [2023-06-01T22:52:33.763Z] <<< [apiv2][body] GET https://firebaserules.googleapis.com/v1/projects/cocinemos-juntos/releases {"releases":[{"name":"projects/cocinemos-juntos/releases/cloud.firestore","rulesetName":"projects/cocinemos-juntos/rulesets/df0c919d-049d-454a-a261-7274892b6466","createTime":"2023-06-01T20:30:12.107847Z","updateTime":"2023-06-01T20:30:12.107847Z"}]}
[debug] [2023-06-01T22:52:33.763Z] Found ruleset: projects/cocinemos-juntos/rulesets/df0c919d-049d-454a-a261-7274892b6466
[debug] [2023-06-01T22:52:33.763Z] >>> [apiv2][query] GET https://firebaserules.googleapis.com/v1/projects/cocinemos-juntos/rulesets/df0c919d-049d-454a-a261-7274892b6466 [none]
[debug] [2023-06-01T22:52:34.786Z] <<< [apiv2][status] GET https://firebaserules.googleapis.com/v1/projects/cocinemos-juntos/rulesets/df0c919d-049d-454a-a261-7274892b6466 200
[debug] [2023-06-01T22:52:34.787Z] <<< [apiv2][body] GET https://firebaserules.googleapis.com/v1/projects/cocinemos-juntos/rulesets/df0c919d-049d-454a-a261-7274892b6466 [omitted]
[info] 
[info] Firestore indexes allow you to perform complex queries while
[info] maintaining performance that scales with the size of the result
[info] set. You can keep index definitions in your project directory
[info] and publish them with firebase deploy.
[info] 
[debug] [2023-06-01T22:52:44.386Z] >>> [apiv2][query] GET https://firestore.googleapis.com/v1/projects/cocinemos-juntos/databases/(default)/collectionGroups/-/indexes [none]
[debug] [2023-06-01T22:52:44.388Z] >>> [apiv2][query] GET https://firestore.googleapis.com/v1/projects/cocinemos-juntos/databases/(default)/collectionGroups/-/fields?filter=indexConfig.usesAncestorConfig=false OR ttlConfig:* [none]
[debug] [2023-06-01T22:52:45.433Z] <<< [apiv2][status] GET https://firestore.googleapis.com/v1/projects/cocinemos-juntos/databases/(default)/collectionGroups/-/indexes 200
[debug] [2023-06-01T22:52:45.433Z] <<< [apiv2][body] GET https://firestore.googleapis.com/v1/projects/cocinemos-juntos/databases/(default)/collectionGroups/-/indexes {}
[debug] [2023-06-01T22:52:45.434Z] <<< [apiv2][status] GET https://firestore.googleapis.com/v1/projects/cocinemos-juntos/databases/(default)/collectionGroups/-/fields?filter=indexConfig.usesAncestorConfig=false OR ttlConfig:* 200
[debug] [2023-06-01T22:52:45.434Z] <<< [apiv2][body] GET https://firestore.googleapis.com/v1/projects/cocinemos-juntos/databases/(default)/collectionGroups/-/fields?filter=indexConfig.usesAncestorConfig=false OR ttlConfig:* {"fields":[{"name":"projects/cocinemos-juntos/databases/(default)/collectionGroups/__default__/fields/*","indexConfig":{"indexes":[{"queryScope":"COLLECTION","fields":[{"fieldPath":"*","order":"ASCENDING"}],"state":"READY"},{"queryScope":"COLLECTION","fields":[{"fieldPath":"*","order":"DESCENDING"}],"state":"READY"},{"queryScope":"COLLECTION","fields":[{"fieldPath":"*","arrayConfig":"CONTAINS"}],"state":"READY"}]}}]}
[info] 
=== Functions Setup
[debug] [2023-06-01T22:52:45.435Z] > command requires scopes: ["email","openid","https://www.googleapis.com/auth/cloudplatformprojects.readonly","https://www.googleapis.com/auth/firebase","https://www.googleapis.com/auth/cloud-platform"]
[debug] [2023-06-01T22:52:45.435Z] > authorizing via signed-in user (analiaklein@gmail.com)
[debug] [2023-06-01T22:52:45.435Z] [iam] checking project cocinemos-juntos for permissions ["firebase.projects.get"]
[debug] [2023-06-01T22:52:45.435Z] >>> [apiv2][query] POST https://cloudresourcemanager.googleapis.com/v1/projects/cocinemos-juntos:testIamPermissions [none]
[debug] [2023-06-01T22:52:45.435Z] >>> [apiv2][(partial)header] POST https://cloudresourcemanager.googleapis.com/v1/projects/cocinemos-juntos:testIamPermissions x-goog-quota-user=projects/cocinemos-juntos
[debug] [2023-06-01T22:52:45.436Z] >>> [apiv2][body] POST https://cloudresourcemanager.googleapis.com/v1/projects/cocinemos-juntos:testIamPermissions {"permissions":["firebase.projects.get"]}
[debug] [2023-06-01T22:52:46.255Z] <<< [apiv2][status] POST https://cloudresourcemanager.googleapis.com/v1/projects/cocinemos-juntos:testIamPermissions 200
[debug] [2023-06-01T22:52:46.255Z] <<< [apiv2][body] POST https://cloudresourcemanager.googleapis.com/v1/projects/cocinemos-juntos:testIamPermissions {"permissions":["firebase.projects.get"]}
[debug] [2023-06-01T22:52:46.255Z] >>> [apiv2][query] GET https://serviceusage.googleapis.com/v1/projects/cocinemos-juntos/services/cloudfunctions.googleapis.com [none]
[debug] [2023-06-01T22:52:46.255Z] >>> [apiv2][(partial)header] GET https://serviceusage.googleapis.com/v1/projects/cocinemos-juntos/services/cloudfunctions.googleapis.com x-goog-quota-user=projects/cocinemos-juntos
[debug] [2023-06-01T22:52:46.257Z] >>> [apiv2][query] GET https://serviceusage.googleapis.com/v1/projects/cocinemos-juntos/services/runtimeconfig.googleapis.com [none]
[debug] [2023-06-01T22:52:46.258Z] >>> [apiv2][(partial)header] GET https://serviceusage.googleapis.com/v1/projects/cocinemos-juntos/services/runtimeconfig.googleapis.com x-goog-quota-user=projects/cocinemos-juntos
[debug] [2023-06-01T22:52:47.360Z] <<< [apiv2][status] GET https://serviceusage.googleapis.com/v1/projects/cocinemos-juntos/services/runtimeconfig.googleapis.com 200
[debug] [2023-06-01T22:52:47.360Z] <<< [apiv2][body] GET https://serviceusage.googleapis.com/v1/projects/cocinemos-juntos/services/runtimeconfig.googleapis.com [omitted]
[debug] [2023-06-01T22:52:47.363Z] <<< [apiv2][status] GET https://serviceusage.googleapis.com/v1/projects/cocinemos-juntos/services/cloudfunctions.googleapis.com 200
[debug] [2023-06-01T22:52:47.364Z] <<< [apiv2][body] GET https://serviceusage.googleapis.com/v1/projects/cocinemos-juntos/services/cloudfunctions.googleapis.com [omitted]
[info] 
Detected existing codebase(s): default

[info] Let's create a new codebase for your functions.
[info] A directory corresponding to the codebase will be created in your project
[info] with sample code pre-configured.

[info] See https://firebase.google.com/docs/functions/organize-functions for
[info] more information on organizing your functions using codebases.

[info] Functions can be deployed with firebase deploy.

[error] Invalid codebase name. Codebase must be less than 64 characters and can contain only lowercase letters, numeric characters, underscores, and dashes.
[error] Invalid codebase name. Codebase must be less than 64 characters and can contain only lowercase letters, numeric characters, underscores, and dashes.
[debug] [2023-06-02T00:02:24.237Z] Error: setRawMode EIO
    at ReadStream.setRawMode (node:tty:77:31)
    at [_setRawMode] [as _setRawMode] (node:internal/readline/interface:380:18)
    at Interface.close (node:internal/readline/interface:530:24)
    at ReadStream.ontermend (node:internal/readline/interface:266:10)
    at ReadStream.emit (node:events:525:35)
    at ReadStream.emit (node:domain:489:12)
    at endReadableNT (node:internal/streams/readable:1359:12)
    at process.processTicksAndRejections (node:internal/process/task_queues:82:21)
[error] 
[error] Error: An unexpected error has occurred.
[debug] [2023-06-02T00:02:24.240Z] Error: write EIO
    at afterWriteDispatched (node:internal/stream_base_commons:160:15)
    at writeGeneric (node:internal/stream_base_commons:151:3)
    at Socket._writeGeneric (node:net:930:11)
    at Socket._write (node:net:942:8)
    at writeOrBuffer (node:internal/streams/writable:392:12)
    at _write (node:internal/streams/writable:333:10)
    at Writable.write (node:internal/streams/writable:337:10)
    at Console.log (/usr/lib/node_modules/firebase-tools/node_modules/winston/lib/winston/transports/console.js:79:23)
    at Console._write (/usr/lib/node_modules/firebase-tools/node_modules/winston-transport/index.js:103:17)
    at doWrite (/usr/lib/node_modules/firebase-tools/node_modules/readable-stream/lib/_stream_writable.js:390:139)
[error] 
[error] Error: An unexpected error has occurred.
[debug] [2023-06-02T00:02:24.241Z] Error: write EIO
    at afterWriteDispatched (node:internal/stream_base_commons:160:15)
    at writeGeneric (node:internal/stream_base_commons:151:3)
    at Socket._writeGeneric (node:net:930:11)
    at Socket._write (node:net:942:8)
    at writeOrBuffer (node:internal/streams/writable:392:12)
    at _write (node:internal/streams/writable:333:10)
    at Writable.write (node:internal/streams/writable:337:10)
    at Console.log (/usr/lib/node_modules/firebase-tools/node_modules/winston/lib/winston/transports/console.js:79:23)
    at Console._write (/usr/lib/node_modules/firebase-tools/node_modules/winston-transport/index.js:103:17)
    at doWrite (/usr/lib/node_modules/firebase-tools/node_modules/readable-stream/lib/_stream_writable.js:390:139)
[error] 
[error] Error: An unexpected error has occurred.
[debug] [2023-06-02T00:02:24.242Z] Error: write EIO
    at afterWriteDispatched (node:internal/stream_base_commons:160:15)
    at writeGeneric (node:internal/stream_base_commons:151:3)
    at Socket._writeGeneric (node:net:930:11)
    at Socket._write (node:net:942:8)
    at writeOrBuffer (node:internal/streams/writable:392:12)
    at _write (node:internal/streams/writable:333:10)
    at Writable.write (node:internal/streams/writable:337:10)
    at Console.log (/usr/lib/node_modules/firebase-tools/node_modules/winston/lib/winston/transports/console.js:79:23)
    at Console._write (/usr/lib/node_modules/firebase-tools/node_modules/winston-transport/index.js:103:17)
    at doWrite (/usr/lib/node_modules/firebase-tools/node_modules/readable-stream/lib/_stream_writable.js:390:139)
[error] 
[error] Error: An unexpected error has occurred.
[debug] [2023-06-02T00:02:24.243Z] Error: write EIO
    at afterWriteDispatched (node:internal/stream_base_commons:160:15)
    at writeGeneric (node:internal/stream_base_commons:151:3)
    at Socket._writeGeneric (node:net:930:11)
    at Socket._write (node:net:942:8)
    at writeOrBuffer (node:internal/streams/writable:392:12)
    at _write (node:internal/streams/writable:333:10)
    at Writable.write (node:internal/streams/writable:337:10)
    at Console.log (/usr/lib/node_modules/firebase-tools/node_modules/winston/lib/winston/transports/console.js:79:23)
    at Console._write (/usr/lib/node_modules/firebase-tools/node_modules/winston-transport/index.js:103:17)
    at doWrite (/usr/lib/node_modules/firebase-tools/node_modules/readable-stream/lib/_stream_writable.js:390:139)
[error] 
[error] Error: An unexpected error has occurred.
[debug] [2023-06-02T00:02:24.244Z] Error: write EIO
    at afterWriteDispatched (node:internal/stream_base_commons:160:15)
    at writeGeneric (node:internal/stream_base_commons:151:3)
    at Socket._writeGeneric (node:net:930:11)
    at Socket._write (node:net:942:8)
    at writeOrBuffer (node:internal/streams/writable:392:12)
    at _write (node:internal/streams/writable:333:10)
    at Writable.write (node:internal/streams/writable:337:10)
    at Console.log (/usr/lib/node_modules/firebase-tools/node_modules/winston/lib/winston/transports/console.js:79:23)
    at Console._write (/usr/lib/node_modules/firebase-tools/node_modules/winston-transport/index.js:103:17)
    at doWrite (/usr/lib/node_modules/firebase-tools/node_modules/readable-stream/lib/_stream_writable.js:390:139)
[error] 
[error] Error: An unexpected error has occurred.
[debug] [2023-06-02T00:02:24.245Z] Error: write EIO
    at afterWriteDispatched (node:internal/stream_base_commons:160:15)
    at writeGeneric (node:internal/stream_base_commons:151:3)
    at Socket._writeGeneric (node:net:930:11)
    at Socket._write (node:net:942:8)
    at writeOrBuffer (node:internal/streams/writable:392:12)
    at _write (node:internal/streams/writable:333:10)
    at Writable.write (node:internal/streams/writable:337:10)
    at Console.log (/usr/lib/node_modules/firebase-tools/node_modules/winston/lib/winston/transports/console.js:79:23)
    at Console._write (/usr/lib/node_modules/firebase-tools/node_modules/winston-transport/index.js:103:17)
    at doWrite (/usr/lib/node_modules/firebase-tools/node_modules/readable-stream/lib/_stream_writable.js:390:139)
[error] 
[error] Error: An unexpected error has occurred.
[debug] [2023-06-02T00:02:24.246Z] Error: write EIO
    at afterWriteDispatched (node:internal/stream_base_commons:160:15)
    at writeGeneric (node:internal/stream_base_commons:151:3)
    at Socket._writeGeneric (node:net:930:11)
    at Socket._write (node:net:942:8)
    at writeOrBuffer (node:internal/streams/writable:392:12)
    at _write (node:internal/streams/writable:333:10)
    at Writable.write (node:internal/streams/writable:337:10)
    at Console.log (/usr/lib/node_modules/firebase-tools/node_modules/winston/lib/winston/transports/console.js:79:23)
    at Console._write (/usr/lib/node_modules/firebase-tools/node_modules/winston-transport/index.js:103:17)
    at doWrite (/usr/lib/node_modules/firebase-tools/node_modules/readable-stream/lib/_stream_writable.js:390:139)
[error] 
[error] Error: An unexpected error has occurred.
